<?xml version="1.0" encoding="UTF-8"?>
<testsuite xmlns:xsi="http://www.w3.org/2001/XMLSchema-instance" xsi:noNamespaceSchemaLocation="https://maven.apache.org/surefire/maven-surefire-plugin/xsd/surefire-test-report.xsd" version="3.0.2" name="br.ifpe.jaboatao.ts.servicos.CalculadoraTest" time="0.097" tests="3" errors="0" skipped="0" failures="0">
  <properties>
[...]
</properties>
  <testcase name="teste01" classname="br.ifpe.jaboatao.ts.servicos.CalculadoraTest" time="0.041"/>
  <testcase name="teste02" classname="br.ifpe.jaboatao.ts.servicos.CalculadoraTest" time="0.009"/>
  <testcase name="teste03" classname="br.ifpe.jaboatao.ts.servicos.CalculadoraTest" time="0.002"/>
</testsuite>