<?xml version="1.0" encoding="UTF-8"?>
<testsuite xmlns:xsi="http://www.w3.org/2001/XMLSchema-instance" xsi:noNamespaceSchemaLocation="https://maven.apache.org/surefire/maven-surefire-plugin/xsd/surefire-test-report.xsd" version="3.0.2" name="br.ifpe.jaboatao.ts.servicos.AnotacoesTest" time="0.084" tests="3" errors="0" skipped="0" failures="0">
  <properties>
[...]
</properties>
  <testcase name="teste01" classname="br.ifpe.jaboatao.ts.servicos.AnotacoesTest" time="0.032">
    <system-out><![CDATA[BeforeAll
BeforeEach
Teste 01
BeforeEach
]]></system-out>
  </testcase>
  <testcase name="teste02" classname="br.ifpe.jaboatao.ts.servicos.AnotacoesTest" time="0.003">
    <system-out><![CDATA[BeforeEach
Teste 02
BeforeEach
]]></system-out>
  </testcase>
  <testcase name="teste03" classname="br.ifpe.jaboatao.ts.servicos.AnotacoesTest" time="0.003">
    <system-out><![CDATA[BeforeEach
Teste 03
BeforeEach
]]></system-out>
  </testcase>
</testsuite>